Listening for transport dt_socket at address: 4000
Creating properties on demand (a.k.a. dynamic properties) has been deprecated and is scheduled to be removed in Gradle 2.0. Please read http://gradle.org/docs/current/dsl/org.gradle.api.plugins.ExtraPropertiesExtension.html for information on the replacement for dynamic properties.
Deprecated dynamic property: "thirdPartyLibs" on "root project 'ActiveNet'", value: "directory 'Third Party...".
Deprecated dynamic property: "morenaLibs" on "root project 'ActiveNet'", value: "directory 'Third Party...".
:ActiveNetClients:compileJava UP-TO-DATE
:ActiveNetClients:processResources UP-TO-DATE
:ActiveNetClients:classes UP-TO-DATE
:ActiveNetClients:jar UP-TO-DATE
:ActiveNetPackage:compileJava UP-TO-DATE
:ActiveNetPackage:processResources UP-TO-DATE
:ActiveNetPackage:classes UP-TO-DATE
:ActiveNetPackage:jar UP-TO-DATE
:ActiveNetServlet:processResources UP-TO-DATE
:ActiveNetServlet:wsimport UP-TO-DATE
:ActiveNetServlet:compileJava UP-TO-DATE
:ActiveNetServlet:classes UP-TO-DATE
:ActiveNetServlet:jettyRun
Start servlet functions appending...
Servlet functions appending completed.
ActiveNetServlet Servlet init()
:ActiveNetServlet:run
##### Servlet is ready. Type 'Q' to stop this server. ######
ActiveNetServlet 8/20 14:42:22:768, Init ANServlet.ActiveNetServlet. Release TBD
ActiveNetServlet 8/20 14:42:22:771, Default Charset: UTF-8
ActiveNetServlet 8/20 14:42:22:774, Detected no ctx for host - creating empty org context. CONTEXT: null, KEY: ActiveNetServlet
ActiveNetServlet 8/20 14:42:22:777, Started background thread: ActiveNetServlet Statistics-ActiveNetServlet
ActiveNetServlet 8/20 14:42:22:780, Software Rev: ANServlet.ActiveNetServlet. Release TBD
ActiveNetServlet 8/20 14:42:22:783, Starting to initialize org site: ActiveNetServlet
ActiveNetServlet 8/20 14:42:22:787, (globalDB) Added DB connection, count = 1, id = 1
ActiveNetServlet 8/20 14:42:22:791, (globalDB) Making connection to DB (id = 1)
ActiveNetServlet 8/20 14:42:22:794, (globalDB) Made connection to DB (id = 1)
ActiveNetServlet 8/20 14:42:22:797, Create DBCM globalDB instance: jdbc:sqlserver://127.0.0.1:60411;DatabaseName=ActiveNetSites; driver version: 2.0; max number of connections: 2
ActiveNetServlet 8/20 14:42:22:803, (applog) Added DB connection, count = 1, id = 1
ActiveNetServlet 8/20 14:42:22:809, (applog) Making connection to DB (id = 1)
ActiveNetServlet 8/20 14:42:22:813, (applog) Made connection to DB (id = 1)
ActiveNetServlet 8/20 14:42:22:817, Create DBCM applog instance: jdbc:sqlserver://127.0.0.1:60411;DatabaseName=ActiveNetSites; driver version: 2.0; max number of connections: 1
ActiveNetServlet 8/20 14:42:22:821, Initializing org site ID: 0; org site url: ActiveNetServlet; org site name: ActiveNetServlet; Is trainer site? yes
ActiveNetServlet 8/20 14:42:22:824, (site_db) Added DB connection, count = 1, id = 1
ActiveNetServlet 8/20 14:42:22:828, (site_db) Making connection to DB (id = 1)
ActiveNetServlet 8/20 14:42:22:832, (site_db) Made connection to DB (id = 1)
ActiveNetServlet 8/20 14:42:22:881, Create DBCM site_db instance: jdbc:sqlserver://127.0.0.1:60411;DatabaseName=ActiveNetDB; driver version: 2.0; max number of connections: 1
ActiveNetServlet 8/20 14:42:22:888, Loading system information
ActiveNetServlet 8/20 14:42:22:922, Schema level: 1847
ActiveNetServlet 8/19 23:42:22:939, request_personal_information<b>Please enter your personal details.</b>
ActiveNetServlet 8/19 23:42:22:966, Invalid cache control port in the configuration file
ANServlet.SystemInfo.fetch(SystemInfo.java:10640)
ANServlet.ActiveNetServlet.preInitialize(ActiveNetServlet.java:2357)
ANServlet.ActiveNetServlet.init(ActiveNetServlet.java:2771)
ANServlet.ActiveNetServlet.doServletInit(ActiveNetServlet.java:2274)
ANServlet.ActiveNetServlet.processRequest(ActiveNetServlet.java:652)
ANServlet.ActiveNetServlet.doGet(ActiveNetServlet.java:635)
ActiveNetServlet 8/19 23:42:22:982, Not running on production, setting system.versignHostAddress=localdemo
ActiveNetServlet 8/19 23:42:22:986, Database level: 647
ActiveNetServlet 8/19 23:42:23:008, Loading records for ManyToMany for: ACTIVITY_TYPE_PARTICIPANT_ATTENDANCE_CODE
ActiveNetServlet 8/19 23:42:23:011, Loading records for ManyToMany for: ACTIVITY_TYPE_INSTRUCTOR_ATTENDANCE_CODE
ActiveNetServlet 8/19 23:42:23:019, No cache control notification initiated
ActiveNetServlet 8/19 23:42:23:022, BusinessObject.setupCache: 112 for ANServlet
ActiveNetServlet 8/19 23:42:23:026, Loading records for class: Customer
ActiveNetServlet 8/19 23:42:23:030, Loading records for ManyToMany for: CUSTOMERCUSTOM_QUESTION_GROUPS
ActiveNetServlet 8/19 23:42:23:033, Loading records for class: MembershipPrerequisite
ActiveNetServlet 8/19 23:42:23:037, Loading records for class: RefundCharge
ActiveNetServlet 8/19 23:42:23:045, 1 records loaded for class: RefundCharge
ActiveNetServlet 8/19 23:42:23:048, Loading records for class: Message
ActiveNetServlet 8/19 23:42:23:052, Loading records for class: MessageQueue
ActiveNetServlet 8/19 23:42:23:055, Loading records for class: ProgramType
ActiveNetServlet 8/19 23:42:23:059, 1 records loaded for class: ProgramType
ActiveNetServlet 8/19 23:42:23:062, Loading records for class: POSControlCode
ActiveNetServlet 8/19 23:42:23:065, 4 records loaded for class: POSControlCode
ActiveNetServlet 8/19 23:42:23:068, Loading records for class: FacilityGroup
ActiveNetServlet 8/19 23:42:23:072, Loading records for ManyToMany for: FACILITYGROUPFACILITIES
ActiveNetServlet 8/19 23:42:23:075, Loading records for ManyToMany for: FACILITYGROUP_PACKAGES
ActiveNetServlet 8/19 23:42:23:079, 1 records loaded for class: FacilityGroup
ActiveNetServlet 8/19 23:42:23:082, Loading records for class: POSLayout
ActiveNetServlet 8/19 23:42:23:087, 1 records loaded for class: POSLayout
ActiveNetServlet 8/19 23:42:23:092, Loading records for class: TSButton
ActiveNetServlet 8/19 23:42:23:095, 81 records loaded for class: TSButton
ActiveNetServlet 8/19 23:42:23:099, Loading records for class: POSProductFee
ActiveNetServlet 8/19 23:42:23:102, Loading records for class: ProductDepartment
ActiveNetServlet 8/19 23:42:23:105, Loading records for class: ProductClass
ActiveNetServlet 8/19 23:42:23:108, Loading records for class: ProductSubclass
ActiveNetServlet 8/19 23:42:23:112, Loading records for class: POSProduct
ActiveNetServlet 8/19 23:42:23:116, 1 records loaded for class: POSProduct
ActiveNetServlet 8/19 23:42:23:120, Loading records for class: Answer
ActiveNetServlet 8/19 23:42:23:124, 24 records loaded for class: Answer
ActiveNetServlet 8/19 23:42:23:128, Loading records for class: CustomQuestion
ActiveNetServlet 8/19 23:42:23:131, 9 records loaded for class: CustomQuestion
ActiveNetServlet 8/19 23:42:23:134, Loading records for class: ManyToMany
ActiveNetServlet 8/19 23:42:23:138, Loading records for class: RecnetFAQ
ActiveNetServlet 8/19 23:42:23:141, 10 records loaded for class: RecnetFAQ
ActiveNetServlet 8/19 23:42:23:145, Loading records for class: ExportTemplateHeader
ActiveNetServlet 8/19 23:42:23:149, Loading records for class: ExportTemplateDetail
ActiveNetServlet 8/19 23:42:23:152, Loading records for class: ExportTranslationRule
ActiveNetServlet 8/19 23:42:23:156, Loading records for class: StageSequence
ActiveNetServlet 8/19 23:42:23:160, Loading records for class: FacilityUser
ActiveNetServlet 8/19 23:42:23:164, Loading records for class: ExtraDetailMaster
ActiveNetServlet 8/19 23:42:23:167, 4 records loaded for class: ExtraDetailMaster
ActiveNetServlet 8/19 23:42:23:171, Loading records for class: ExtraDetail
ActiveNetServlet 8/19 23:42:23:175, 66 records loaded for class: ExtraDetail
ActiveNetServlet 8/19 23:42:23:179, Loading records for class: FavoriteItem
ActiveNetServlet 8/19 23:42:23:183, Loading records for ManyToMany for: FAVORITEITEM_PROFILES
ActiveNetServlet 8/19 23:42:23:186, 4 records loaded for class: FavoriteItem
ActiveNetServlet 8/19 23:42:23:191, Loading records for class: Dashboard
ActiveNetServlet 8/19 23:42:23:200, Loading records for class: Grade
ActiveNetServlet 8/19 23:42:23:209, 14 records loaded for class: Grade
ActiveNetServlet 8/19 23:42:23:214, Loading records for class: SkipDate
ActiveNetServlet 8/19 23:42:23:218, 2 records loaded for class: SkipDate
ActiveNetServlet 8/19 23:42:23:221, Loading records for class: SystemUser
ActiveNetServlet 8/19 23:42:23:226, Loading records for ManyToMany for: SYSTEMUSER_PROFILES
ActiveNetServlet 8/19 23:42:23:229, Loading records for ManyToMany for: SYSTEMUSER_DEPARTMENTS
ActiveNetServlet 8/19 23:42:23:233, 13 records loaded for class: SystemUser
ActiveNetServlet 8/19 23:42:23:237, Loading records for class: ScheduleType
ActiveNetServlet 8/19 23:42:23:241, 7 records loaded for class: ScheduleType
ActiveNetServlet 8/19 23:42:23:245, Loading records for class: Profile
ActiveNetServlet 8/19 23:42:23:248, 7 records loaded for class: Profile
ActiveNetServlet 8/19 23:42:23:253, Loading records for class: Reason
ActiveNetServlet 8/19 23:42:23:256, 21 records loaded for class: Reason
ActiveNetServlet 8/19 23:42:23:260, Loading records for class: DenialReason
ActiveNetServlet 8/19 23:42:23:264, 2 records loaded for class: DenialReason
ActiveNetServlet 8/19 23:42:23:268, Loading records for class: Disclaimer
ActiveNetServlet 8/19 23:42:23:272, Loading records for class: Keyword
ActiveNetServlet 8/19 23:42:23:276, Loading records for ManyToMany for: KEYWORDSITES
ActiveNetServlet 8/19 23:42:23:281, 17 records loaded for class: Keyword
ActiveNetServlet 8/19 23:42:23:285, Loading records for class: City
ActiveNetServlet 8/19 23:42:23:305, 1 records loaded for class: City
ActiveNetServlet 8/19 23:42:23:309, Loading records for class: MailingList
ActiveNetServlet 8/19 23:42:23:312, Loading records for class: Demographic
ActiveNetServlet 8/19 23:42:23:316, 15 records loaded for class: Demographic
ActiveNetServlet 8/19 23:42:23:319, Loading records for class: Instructor
ActiveNetServlet 8/19 23:42:23:322, Loading records for ManyToMany for: INSTRUCTORSKILL
ActiveNetServlet 8/19 23:42:23:327, Loading records for ManyToMany for: INSTRUCTOR_ACTIVITY_TYPES
ActiveNetServlet 8/19 23:42:23:331, 8 records loaded for class: Instructor
ActiveNetServlet 8/19 23:42:23:334, Loading records for class: GLAccount
ActiveNetServlet 8/19 23:42:23:338, 8 records loaded for class: GLAccount
ActiveNetServlet 8/19 23:42:23:341, Loading records for class: Supervisor
ActiveNetServlet 8/19 23:42:23:345, 1 records loaded for class: Supervisor
ActiveNetServlet 8/19 23:42:23:348, Loading records for class: GeographicArea
ActiveNetServlet 8/19 23:42:23:352, Loading records for class: Site
ActiveNetServlet 8/19 23:42:23:355, Loading records for ManyToMany for: SITEFAQ
ActiveNetServlet 8/19 23:42:23:359, 4 records loaded for class: Site
ActiveNetServlet 8/19 23:42:23:363, Loading records for class: Season
ActiveNetServlet 8/19 23:42:23:367, 1 records loaded for class: Season
ActiveNetServlet 8/19 23:42:23:370, Loading records for class: FacilityRestrictions
ActiveNetServlet 8/19 23:42:23:374, Loading records for class: StandardCharge
ActiveNetServlet 8/19 23:42:23:377, 19 records loaded for class: StandardCharge
ActiveNetServlet 8/19 23:42:23:381, Loading records for class: FiscalPeriod
ActiveNetServlet 8/19 23:42:23:384, Loading records for class: Prerequisite
ActiveNetServlet 8/19 23:42:23:388, Loading records for ManyToMany for: PREREQUISITE_ALTERNATE_KEY_STATUS
ActiveNetServlet 8/19 23:42:23:391, 1 records loaded for class: Prerequisite
ActiveNetServlet 8/19 23:42:23:395, Loading records for class: CardType
ActiveNetServlet 8/19 23:42:23:398, 4 records loaded for class: CardType
ActiveNetServlet 8/19 23:42:23:402, Loading records for class: Team
ActiveNetServlet 8/19 23:42:23:406, 121 records loaded for class: Team
ActiveNetServlet 8/19 23:42:23:413, Loading records for class: LeagueType
ActiveNetServlet 8/19 23:42:23:418, 4 records loaded for class: LeagueType
ActiveNetServlet 8/19 23:42:23:422, Loading records for class: LeagueSchedule
ActiveNetServlet 8/19 23:42:23:425, Loading records for ManyToMany for: LEAGUESCHEDULEFACILITIES
ActiveNetServlet 8/19 23:42:23:429, Loading records for ManyToMany for: LEAGUESCHEDULEOFFICIALS
ActiveNetServlet 8/19 23:42:23:432, 13 records loaded for class: LeagueSchedule
ActiveNetServlet 8/19 23:42:23:436, Loading records for class: LeagueNoPlayDate
ActiveNetServlet 8/19 23:42:23:441, Loading records for class: Player
ActiveNetServlet 8/19 23:42:23:445, Loading records for class: ContactType
ActiveNetServlet 8/19 23:42:23:449, 11 records loaded for class: ContactType
ActiveNetServlet 8/19 23:42:23:452, Loading records for class: TeamContact
ActiveNetServlet 8/19 23:42:23:456, 11 records loaded for class: TeamContact
ActiveNetServlet 8/19 23:42:23:459, Loading records for class: LeagueContact
ActiveNetServlet 8/19 23:42:23:463, Loading records for class: League
ActiveNetServlet 8/19 23:42:23:466, Loading records for ManyToMany for: LEAGUEOFFICIALS
ActiveNetServlet 8/19 23:42:23:469, Loading records for ManyToMany for: LEAGUEFACILITIES
ActiveNetServlet 8/19 23:42:23:472, 14 records loaded for class: League
ActiveNetServlet 8/19 23:42:23:476, Loading records for class: Street
ActiveNetServlet 8/19 23:42:23:480, 2 records loaded for class: Street
ActiveNetServlet 8/19 23:42:23:483, Loading records for class: PostalCode
ActiveNetServlet 8/19 23:42:23:486, Loading records for class: State
ActiveNetServlet 8/19 23:42:23:490, 75 records loaded for class: State
ActiveNetServlet 8/19 23:42:23:493, Loading records for class: CustomerType
ActiveNetServlet 8/19 23:42:23:496, 1 records loaded for class: CustomerType
ActiveNetServlet 8/19 23:42:23:500, Loading records for class: PrepCode
ActiveNetServlet 8/19 23:42:23:503, Loading records for class: DCProgram
ActiveNetServlet 8/19 23:42:23:507, Loading records for ManyToMany for: dcprogramsessions
ActiveNetServlet 8/19 23:42:23:511, Loading records for ManyToMany for: DCPROGRAMCUSTOMQUESTIONS
ActiveNetServlet 8/19 23:42:23:515, Loading records for ManyToMany for: DCPROGRAMSKILLS
ActiveNetServlet 8/19 23:42:23:519, Loading records for ManyToMany for: DCPROGRAMCUSTOM_QUESTION_GROUPS
ActiveNetServlet 8/19 23:42:23:523, 1 records loaded for class: DCProgram
ActiveNetServlet 8/19 23:42:23:527, Loading records for class: DCProgramFee
ActiveNetServlet 8/19 23:42:23:531, Loading records for class: DCSession
ActiveNetServlet 8/19 23:42:23:535, Loading records for class: DCSessionDate
ActiveNetServlet 8/19 23:42:23:538, Loading records for class: EntryPoint
ActiveNetServlet 8/19 23:42:23:542, 2 records loaded for class: EntryPoint
ActiveNetServlet 8/19 23:42:23:545, Loading records for class: PackageCategory
ActiveNetServlet 8/19 23:42:23:549, 1 records loaded for class: PackageCategory
ActiveNetServlet 8/19 23:42:23:552, Loading records for class: PassLayout
ActiveNetServlet 8/19 23:42:23:556, Loading records for ManyToMany for: PassLayout_CustomQuestions
ActiveNetServlet 8/19 23:42:23:559, 2 records loaded for class: PassLayout
ActiveNetServlet 8/19 23:42:23:563, Loading records for class: Package
ActiveNetServlet 8/19 23:42:23:566, Loading records for ManyToMany for: PACKAGECUSTOMQUESTIONS
ActiveNetServlet 8/19 23:42:23:569, Loading records for ManyToMany for: PACKAGECUSTOM_QUESTION_GROUPS
ActiveNetServlet 8/19 23:42:23:573, Loading records for ManyToMany for: PACKAGE_CUSTOMQUESTIONS_RENEWAL
ActiveNetServlet 8/19 23:42:23:576, Loading records for ManyToMany for: PACKAGE_CUSTOM_QUESTION_GROUPS_RENEWAL
ActiveNetServlet 8/19 23:42:23:580, 5 records loaded for class: Package
ActiveNetServlet 8/19 23:42:23:584, Loading records for class: PackageFee
ActiveNetServlet 8/19 23:42:23:588, 5 records loaded for class: PackageFee
ActiveNetServlet 8/19 23:42:23:611, Loading records for class: WorkstationGroup
ActiveNetServlet 8/19 23:42:23:618, Loading records for class: Workstation
ActiveNetServlet 8/19 23:42:23:622, 35 records loaded for class: Workstation
ActiveNetServlet 8/19 23:42:23:625, Loading records for class: Official
ActiveNetServlet 8/19 23:42:23:628, Loading records for ManyToMany for: OFFICIALSKILL
ActiveNetServlet 8/19 23:42:23:632, 6 records loaded for class: Official
ActiveNetServlet 8/19 23:42:23:635, Loading records for class: PostponeReason
ActiveNetServlet 8/19 23:42:23:638, 5 records loaded for class: PostponeReason
ActiveNetServlet 8/19 23:42:23:642, Loading records for class: Skill
ActiveNetServlet 8/19 23:42:23:645, 2 records loaded for class: Skill
ActiveNetServlet 8/19 23:42:23:648, Loading records for class: FacilityRentalBlock
ActiveNetServlet 8/19 23:42:23:651, 2 records loaded for class: FacilityRentalBlock
ActiveNetServlet 8/19 23:42:23:656, Loading records for class: SubscriptionList
ActiveNetServlet 8/19 23:42:23:659, Loading records for ManyToMany for: SUBSCRIPTIONLIST_MAIL
ActiveNetServlet 8/19 23:42:23:663, Loading records for class: Campaign
ActiveNetServlet 8/19 23:42:23:667, 5 records loaded for class: Campaign
ActiveNetServlet 8/19 23:42:23:688, Loading records for class: LockerGroup
ActiveNetServlet 8/19 23:42:23:692, 3 records loaded for class: LockerGroup
ActiveNetServlet 8/19 23:42:23:695, Loading records for class: LockerSize
ActiveNetServlet 8/19 23:42:23:698, 2 records loaded for class: LockerSize
ActiveNetServlet 8/19 23:42:23:702, Loading records for class: LockerFee
ActiveNetServlet 8/19 23:42:23:706, 1 records loaded for class: LockerFee
ActiveNetServlet 8/19 23:42:23:710, Loading records for class: Locker
ActiveNetServlet 8/19 23:42:23:714, Loading records for ManyToMany for: LOCKER_DATE_RANGES
ActiveNetServlet 8/19 23:42:23:718, 204 records loaded for class: Locker
ActiveNetServlet 8/19 23:42:23:721, Loading records for class: TeamCategory
ActiveNetServlet 8/19 23:42:23:724, Loading records for class: ActivityTeamCategory
ActiveNetServlet 8/19 23:42:23:728, Loading records for class: CompanyTeamCategory
ActiveNetServlet 8/19 23:42:23:732, Loading records for class: SiteInfo
ActiveNetServlet 8/19 23:42:23:736, 4 records loaded for class: SiteInfo
ActiveNetServlet 8/19 23:42:23:739, Loading records for class: Facility
ActiveNetServlet 8/19 23:42:23:743, 51 records loaded for class: Facility
ActiveNetServlet 8/19 23:42:23:746, Loading records for class: FacilityHour
ActiveNetServlet 8/19 23:42:23:751, Loading records for class: FacilityKeyword
ActiveNetServlet 8/19 23:42:23:754, 5 records loaded for class: FacilityKeyword
ActiveNetServlet 8/19 23:42:23:758, Loading records for class: FacilityOverlap
ActiveNetServlet 8/19 23:42:23:762, Loading records for class: ActivityCategory
ActiveNetServlet 8/19 23:42:23:766, Set active categories
ActiveNetServlet 8/19 23:42:23:769, 1 records loaded for class: ActivityCategory
ActiveNetServlet 8/19 23:42:23:773, Loading records for class: ActivityDate
ActiveNetServlet 8/19 23:42:23:776, Loading records for class: ActivityFee
ActiveNetServlet 8/19 23:42:23:779, Loading records for class: ActivityUser
ActiveNetServlet 8/19 23:42:23:782, Loading records for class: Activity
ActiveNetServlet 8/19 23:42:23:786, 47 activity records loaded
ActiveNetServlet 8/19 23:42:23:789, Loading records for ManyToMany for: ACTIVITYSKILL
ActiveNetServlet 8/19 23:42:23:793, Loading records for ManyToMany for: ACTIVITYAWARDCODE
ActiveNetServlet 8/19 23:42:23:796, 47 records loaded for class: Activity
ActiveNetServlet 8/19 23:42:23:799, Loading records for class: Charge
ActiveNetServlet 8/19 23:42:23:803, Loading records for ManyToMany for: CHARGE_ELIGIBILITY_CUSTOMQUESTIONS
ActiveNetServlet 8/19 23:42:23:807, Loading records for ManyToMany for: CHARGE_ELIGIBILITY_QUESTION_GROUPS
ActiveNetServlet 8/19 23:42:23:810, Loading records for ManyToMany for: CHARGE_CUSTOMQUESTIONS
ActiveNetServlet 8/19 23:42:23:813, Loading records for ManyToMany for: CHARGE_CUSTOM_QUESTION_GROUPS
ActiveNetServlet 8/19 23:42:23:817, 31 records loaded for class: Charge
ActiveNetServlet 8/19 23:42:23:821, Loading records for class: EventType
ActiveNetServlet 8/19 23:42:23:825, Loading records for ManyToMany for: EVENTTYPECUSTOMQUESTIONS
ActiveNetServlet 8/19 23:42:23:829, Loading records for ManyToMany for: EVENTTYPE_FACILITYTYPE
ActiveNetServlet 8/19 23:42:23:832, Loading records for ManyToMany for: EVENTTYPE_FACILITY
ActiveNetServlet 8/19 23:42:23:835, Loading records for ManyToMany for: EVENTTYPECUSTOM_QUESTION_GROUPS
ActiveNetServlet 8/19 23:42:23:839, 2 records loaded for class: EventType
ActiveNetServlet 8/19 23:42:23:842, Loading records for class: UploadedFile
ActiveNetServlet 8/19 23:42:23:846, Loading records for ManyToMany for: FILE_PERMIT
ActiveNetServlet 8/19 23:42:23:849, 5 records loaded for class: UploadedFile
ActiveNetServlet 8/19 23:42:23:872, Loading records for class: FacilityEventCapacity
ActiveNetServlet 8/19 23:42:23:876, Loading records for class: Stage
ActiveNetServlet 8/19 23:42:23:880, 6 records loaded for class: Stage
ActiveNetServlet 8/19 23:42:23:883, Loading records for class: AttachedChecklistItem
ActiveNetServlet 8/19 23:42:23:888, 5 records loaded for class: AttachedChecklistItem
ActiveNetServlet 8/19 23:42:23:892, Loading records for class: ReportDefinition
ActiveNetServlet 8/19 23:42:23:901, Loading records for ManyToMany for: REPORTDEFINITION_USERS
ActiveNetServlet 8/19 23:42:23:905, 1 records loaded for class: ReportDefinition
ActiveNetServlet 8/19 23:42:23:909, Loading records for class: EmailAddress
ActiveNetServlet 8/19 23:42:23:914, 1 records loaded for class: EmailAddress
ActiveNetServlet 8/19 23:42:23:920, Loading records for class: OfferService
ActiveNetServlet 8/19 23:42:23:927, Loading records for class: AAService
ActiveNetServlet 8/19 23:42:23:931, Loading records for class: LeagueScheduleTimeSlot
ActiveNetServlet 8/19 23:42:23:935, 91 records loaded for class: LeagueScheduleTimeSlot
ActiveNetServlet 8/19 23:42:23:940, Loading records for class: SystemUserInfo
ActiveNetServlet 8/19 23:42:23:943, 2 records loaded for class: SystemUserInfo
ActiveNetServlet 8/19 23:42:23:947, Loading records for class: Expense
ActiveNetServlet 8/19 23:42:23:950, Loading records for ManyToMany for: EXPENSE_ATTENDANCES
ActiveNetServlet 8/19 23:42:23:954, BusinessObject.setupCache finished
ActiveNetServlet 8/19 23:42:23:958, BusinessObject.setupCache: 7 for ANServlet
ActiveNetServlet 8/19 23:42:23:961, Loading records for class: ZipCode
ActiveNetServlet 8/19 23:42:23:964, Loading records for class: Country
ActiveNetServlet 8/19 23:42:23:967, 239 records loaded for class: Country
ActiveNetServlet 8/19 23:42:23:971, Loading records for class: ColumnDefinition
ActiveNetServlet 8/19 23:42:23:975, Loading records for class: CustomizableList
ActiveNetServlet 8/19 23:42:23:978, Loading records for class: Carriers
ActiveNetServlet 8/19 23:42:23:981, Loading records for class: CommunityChannels
ActiveNetServlet 8/19 23:42:23:985, Loading records for class: CommunitySubChannels
ActiveNetServlet 8/19 23:42:23:988, BusinessObject.setupCache finished
ActiveNetServlet 8/19 23:42:23:991, BusinessObject.setupCache: 118 for ANBusinessObjects
ActiveNetServlet 8/19 23:42:23:995, Loading records for class: TaxTableBO
ActiveNetServlet 8/19 23:42:23:998, 1 records loaded for class: TaxTableBO
ActiveNetServlet 8/19 23:42:24:001, Loading records for class: TaxBracketBO
ActiveNetServlet 8/19 23:42:24:004, 1 records loaded for class: TaxBracketBO
ActiveNetServlet 8/19 23:42:24:007, Loading records for class: CustomListDefinitionBO
ActiveNetServlet 8/19 23:42:24:011, Loading records for class: GlobalDiscountBO
ActiveNetServlet 8/19 23:42:24:014, 4 records loaded for class: GlobalDiscountBO
ActiveNetServlet 8/19 23:42:24:017, Loading records for class: CenterBO
ActiveNetServlet 8/19 23:42:24:021, 3 records loaded for class: CenterBO
ActiveNetServlet 8/19 23:42:24:025, Loading records for class: AwardBO
ActiveNetServlet 8/19 23:42:24:029, Loading records for class: AwardCodeBO
ActiveNetServlet 8/19 23:42:24:038, Loading records for class: AwardCodeCombinationBO
ActiveNetServlet 8/19 23:42:24:042, Loading records for ManyToMany for: AWARDCOMBOAWARDCODES
ActiveNetServlet 8/19 23:42:24:047, Loading records for class: ActivityBibGroupBO
ActiveNetServlet 8/19 23:42:24:051, Loading records for class: ActivityBibGroupMaxBO
ActiveNetServlet 8/19 23:42:24:054, Loading records for class: ActivityBibRangeBO
ActiveNetServlet 8/19 23:42:24:058, Loading records for class: ActivityBibRuleBO
ActiveNetServlet 8/19 23:42:24:061, Loading records for class: ActivityBibRuleActionBO
ActiveNetServlet 8/19 23:42:24:064, Loading records for class: OccupationBO
ActiveNetServlet 8/19 23:42:24:067, 2 records loaded for class: OccupationBO
ActiveNetServlet 8/19 23:42:24:071, Loading records for class: CouponBO
ActiveNetServlet 8/19 23:42:24:075, Loading records for class: CouponCategoryBO
ActiveNetServlet 8/19 23:42:24:081, Loading records for class: CouponBatchBO
ActiveNetServlet 8/19 23:42:24:085, Loading records for class: ActivityCustomQuestionBO
ActiveNetServlet 8/19 23:42:24:090, Loading records for class: ActivityDivisionBO
ActiveNetServlet 8/19 23:42:24:093, 2 records loaded for class: ActivityDivisionBO
ActiveNetServlet 8/19 23:42:24:097, Loading records for class: FormDefinitionBO
ActiveNetServlet 8/19 23:42:24:100, Loading records for class: ConvFeeOptionBO
ActiveNetServlet 8/19 23:42:24:104, 2 records loaded for class: ConvFeeOptionBO
ActiveNetServlet 8/19 23:42:24:109, Loading records for class: SiteFeeContractBO
ActiveNetServlet 8/19 23:42:24:112, Loading records for ManyToMany for: SITE_FEECONTRACT_CUST_TYPES
ActiveNetServlet 8/19 23:42:24:115, Loading records for ManyToMany for: SITE_FEECONTRACT_PACKAGES
ActiveNetServlet 8/19 23:42:24:119, Loading records for class: FeeContractBO
ActiveNetServlet 8/19 23:42:24:122, Loading records for ManyToMany for: FEECONTRACT_CUST_TYPES
ActiveNetServlet 8/19 23:42:24:125, Loading records for ManyToMany for: FEECONTRACT_PACKAGES
ActiveNetServlet 8/19 23:42:24:128, 2 records loaded for class: FeeContractBO
ActiveNetServlet 8/19 23:42:24:131, Loading records for class: ActivityFeeRegionBO
ActiveNetServlet 8/19 23:42:24:135, Loading records for class: MerchandiseBO
ActiveNetServlet 8/19 23:42:24:139, 2 records loaded for class: MerchandiseBO
ActiveNetServlet 8/19 23:42:24:142, Loading records for class: CombinationLockBO
ActiveNetServlet 8/19 23:42:24:145, Loading records for class: GiftCertificateTypeBO
ActiveNetServlet 8/19 23:42:24:148, Loading records for ManyToMany for: GIFT_CERTIFICATE_TYPE_SITES
ActiveNetServlet 8/19 23:42:24:151, 2 records loaded for class: GiftCertificateTypeBO
ActiveNetServlet 8/19 23:42:24:154, Loading records for class: AlternateKeyTypeBO
ActiveNetServlet 8/19 23:42:24:157, Loading records for ManyToMany for: ALTKEYTYPE_ALTKEYSTATUSES
ActiveNetServlet 8/19 23:42:24:161, Loading records for ManyToMany for: ALTKEYTYPE_ENTRY_POINTS
ActiveNetServlet 8/19 23:42:24:164, Loading records for class: AlternateKeyStatusBO
ActiveNetServlet 8/19 23:42:24:167, Loading records for class: AlternateKeyEntryPointTimeBO
ActiveNetServlet 8/19 23:42:24:173, Loading records for class: ActivitySubCategoryBO
ActiveNetServlet 8/19 23:42:24:176, 1 records loaded for class: ActivitySubCategoryBO
ActiveNetServlet 8/19 23:42:24:181, Loading records for class: ActivityCustomQuestionAnswerBO
ActiveNetServlet 8/19 23:42:24:184, Loading records for class: ActivityRegistrationWindowBO
ActiveNetServlet 8/19 23:42:24:188, Loading records for class: ActivityPaymentPlanConfigBO
ActiveNetServlet 8/19 23:42:24:191, 27 records loaded for class: ActivityPaymentPlanConfigBO
ActiveNetServlet 8/19 23:42:24:194, Loading records for class: SeasonPaymentPlanConfigBO
ActiveNetServlet 8/19 23:42:24:197, Loading records for class: ChildSeasonPaymentPlanConfigBO
ActiveNetServlet 8/19 23:42:24:200, Loading records for class: PackagePaymentPlanConfigBO
ActiveNetServlet 8/19 23:42:24:203, Loading records for class: FacilityOpeningTimeBO
ActiveNetServlet 8/19 23:42:24:206, 1 records loaded for class: FacilityOpeningTimeBO
ActiveNetServlet 8/19 23:42:24:210, Loading records for class: ReportDefinitionOverrideBO
ActiveNetServlet 8/19 23:42:24:214, Loading records for class: EntryPointOpeningTimeBO
ActiveNetServlet 8/19 23:42:24:217, Loading records for class: FamilyRoleBO
ActiveNetServlet 8/19 23:42:24:222, 3 records loaded for class: FamilyRoleBO
ActiveNetServlet 8/19 23:42:24:227, Loading records for class: PackageEntryPointBO
ActiveNetServlet 8/19 23:42:24:231, 2 records loaded for class: PackageEntryPointBO
ActiveNetServlet 8/19 23:42:24:236, Loading records for class: PackageEntryPointTimeBO
ActiveNetServlet 8/19 23:42:24:240, Loading records for class: LeagueScheduleTimeSlotConfigBO
ActiveNetServlet 8/19 23:42:24:243, 13 records loaded for class: LeagueScheduleTimeSlotConfigBO
ActiveNetServlet 8/19 23:42:24:246, Loading records for class: FacilityTypeBO
ActiveNetServlet 8/19 23:42:24:249, Loading records for ManyToMany for: FACILITY_TYPE_DATE_RANGES
ActiveNetServlet 8/19 23:42:24:252, 8 records loaded for class: FacilityTypeBO
ActiveNetServlet 8/19 23:42:24:255, Loading records for class: FacilityCategoryBO
ActiveNetServlet 8/19 23:42:24:258, 2 records loaded for class: FacilityCategoryBO
ActiveNetServlet 8/19 23:42:24:261, Loading records for class: FacilityPackageBO
ActiveNetServlet 8/19 23:42:24:264, 1 records loaded for class: FacilityPackageBO
ActiveNetServlet 8/19 23:42:24:267, Loading records for class: FacilityPackageTypeBO
ActiveNetServlet 8/19 23:42:24:270, 2 records loaded for class: FacilityPackageTypeBO
ActiveNetServlet 8/19 23:42:24:274, Loading records for class: NoteAlertTypeBO
ActiveNetServlet 8/19 23:42:24:277, 4 records loaded for class: NoteAlertTypeBO
ActiveNetServlet 8/19 23:42:24:279, Loading records for class: ActivityDepartmentBO
ActiveNetServlet 8/19 23:42:24:282, 1 records loaded for class: ActivityDepartmentBO
ActiveNetServlet 8/19 23:42:24:286, Loading records for class: InstructorRoleBO
ActiveNetServlet 8/19 23:42:24:290, 1 records loaded for class: InstructorRoleBO
ActiveNetServlet 8/19 23:42:24:293, Loading records for class: ActivityPackageBO
ActiveNetServlet 8/19 23:42:24:295, Loading records for ManyToMany for: ACTIVITY_PACKAGE_ACTIVITIES
ActiveNetServlet 8/19 23:42:24:298, 4 records loaded for class: ActivityPackageBO
ActiveNetServlet 8/19 23:42:24:302, Loading records for class: ActivityPackageCategoryBO
ActiveNetServlet 8/19 23:42:24:305, 1 records loaded for class: ActivityPackageCategoryBO
ActiveNetServlet 8/19 23:42:24:308, Loading records for class: ChildSeasonBO
ActiveNetServlet 8/19 23:42:24:311, 1 records loaded for class: ChildSeasonBO
ActiveNetServlet 8/19 23:42:24:315, Loading records for class: DepartmentBO
ActiveNetServlet 8/19 23:42:24:318, Loading records for class: ZOutReportsBO
ActiveNetServlet 8/19 23:42:24:322, Loading records for class: InstructorTimesheetEntryBO
ActiveNetServlet 8/19 23:42:24:325, 3 records loaded for class: InstructorTimesheetEntryBO
ActiveNetServlet 8/19 23:42:24:328, Loading records for class: SystemUserHeaderMenuBO
ActiveNetServlet 8/19 23:42:24:331, 6 records loaded for class: SystemUserHeaderMenuBO
ActiveNetServlet 8/19 23:42:24:335, Loading records for class: AgeCategoryBO
ActiveNetServlet 8/19 23:42:24:339, 4 records loaded for class: AgeCategoryBO
ActiveNetServlet 8/19 23:42:24:342, Loading records for class: CustomHeaderFooterBO
ActiveNetServlet 8/19 23:42:24:346, 2 records loaded for class: CustomHeaderFooterBO
ActiveNetServlet 8/19 23:42:24:350, Loading records for class: ActivityFeeInstructorBO
ActiveNetServlet 8/19 23:42:24:354, Loading records for class: HumanResourceDefaultFacilityBO
ActiveNetServlet 8/19 23:42:24:357, Loading records for class: PayrollPeriodBO
ActiveNetServlet 8/19 23:42:24:360, 10 records loaded for class: PayrollPeriodBO
ActiveNetServlet 8/19 23:42:24:363, Loading records for class: ActivityFeePackageBO
ActiveNetServlet 8/19 23:42:24:366, Loading records for class: DCProgramFeePackageBO
ActiveNetServlet 8/19 23:42:24:370, Loading records for class: CustomerTitleBO
ActiveNetServlet 8/19 23:42:24:373, 5 records loaded for class: CustomerTitleBO
ActiveNetServlet 8/19 23:42:24:393, Loading records for class: AttendanceCodeBO
ActiveNetServlet 8/19 23:42:24:397, Loading records for class: VolumePricingPlanBO
ActiveNetServlet 8/19 23:42:24:400, Loading records for class: TimesheetEntryTypeBO
ActiveNetServlet 8/19 23:42:24:403, 1 records loaded for class: TimesheetEntryTypeBO
ActiveNetServlet 8/19 23:42:24:406, Loading records for class: InstructorPayRateBO
ActiveNetServlet 8/19 23:42:24:410, Loading records for class: InstructorRolePayRateBO
ActiveNetServlet 8/19 23:42:24:413, Loading records for class: UsageFeeBO
ActiveNetServlet 8/19 23:42:24:416, Loading records for ManyToMany for: USAGE_FEE_CHILD_SEASONS
ActiveNetServlet 8/19 23:42:24:420, Loading records for ManyToMany for: USAGE_FEE_SEASONS
ActiveNetServlet 8/19 23:42:24:423, Loading records for class: RefundChargeOverrideBO
ActiveNetServlet 8/19 23:42:24:426, Loading records for class: ActivityPassFailGradesBO
ActiveNetServlet 8/19 23:42:24:429, 3 records loaded for class: ActivityPassFailGradesBO
ActiveNetServlet 8/19 23:42:24:433, Loading records for class: PackageFeePackageBO
ActiveNetServlet 8/19 23:42:24:437, Loading records for class: ActivityDateEquipmentBO
ActiveNetServlet 8/19 23:42:24:446, Loading records for class: ActivityConfigurationBO
ActiveNetServlet 8/19 23:42:24:451, Loading records for class: SecurityQuestionBO
ActiveNetServlet 8/19 23:42:24:455, 9 records loaded for class: SecurityQuestionBO
ActiveNetServlet 8/19 23:42:24:458, Loading records for class: CustomQuestionTypeBO
ActiveNetServlet 8/19 23:42:24:465, 1 records loaded for class: CustomQuestionTypeBO
ActiveNetServlet 8/19 23:42:24:470, Loading records for class: CustomQuestionGroupBO
ActiveNetServlet 8/19 23:42:24:474, Loading records for ManyToMany for: GROUPCUSTOMQUESTIONS
ActiveNetServlet 8/19 23:42:24:479, 1 records loaded for class: CustomQuestionGroupBO
ActiveNetServlet 8/19 23:42:24:485, Loading records for class: SystemGLAccountPackageBO
ActiveNetServlet 8/19 23:42:24:489, Loading records for class: MakeUpLessonDatesBO
ActiveNetServlet 8/19 23:42:24:495, Loading records for ManyToMany for: MAKEUPLESSONDATES_CENTERS
ActiveNetServlet 8/19 23:42:24:499, Loading records for ManyToMany for: MAKEUPLESSONDATES_SITES
ActiveNetServlet 8/19 23:42:24:517, Loading records for ManyToMany for: MAKEUPLESSONDATES_DEPARTMENTS
ActiveNetServlet 8/19 23:42:24:524, Loading records for class: FacilityPrerequisitesBO
ActiveNetServlet 8/19 23:42:24:530, Loading records for ManyToMany for: FacilityPrerequisitesAltKeyStatus
ActiveNetServlet 8/19 23:42:24:535, Loading records for class: RankingSystemBO
ActiveNetServlet 8/19 23:42:24:543, 8 records loaded for class: RankingSystemBO
ActiveNetServlet 8/19 23:42:24:548, Loading records for class: LockerBankBO
ActiveNetServlet 8/19 23:42:24:552, 4 records loaded for class: LockerBankBO
ActiveNetServlet 8/19 23:42:24:556, Loading records for class: ScheduledLoadCustomerBO
ActiveNetServlet 8/19 23:42:24:560, 1 records loaded for class: ScheduledLoadCustomerBO
ActiveNetServlet 8/19 23:42:24:565, Loading records for class: PayrollReasonBO
ActiveNetServlet 8/19 23:42:24:569, Loading records for class: StageAttachmentBO
ActiveNetServlet 8/19 23:42:24:573, Loading records for class: POSMembershipDiscountBO
ActiveNetServlet 8/19 23:42:24:576, Loading records for class: IconSetBO
ActiveNetServlet 8/19 23:42:24:581, Loading records for class: TransferEducationUnitBO
ActiveNetServlet 8/19 23:42:24:586, Loading records for class: ReservationDateRangeBO
ActiveNetServlet 8/19 23:42:24:591, Loading records for class: CommissionSchemeBO
ActiveNetServlet 8/19 23:42:24:594, Loading records for class: CommissionPayoutRateBO
ActiveNetServlet 8/19 23:42:24:600, Loading records for class: InteractiveMapBO
ActiveNetServlet 8/19 23:42:24:604, 3 records loaded for class: InteractiveMapBO
ActiveNetServlet 8/19 23:42:24:609, Loading records for class: IMapGraphicalElementBO
ActiveNetServlet 8/19 23:42:24:613, Loading records for class: MakeUpClassBO
ActiveNetServlet 8/19 23:42:24:618, 3 records loaded for class: MakeUpClassBO
ActiveNetServlet 8/19 23:42:24:621, Loading records for class: IMapGraphicalElementBO
ActiveNetServlet 8/19 23:42:24:629, Loading records for class: CampaignTeamBO
ActiveNetServlet 8/19 23:42:24:634, Loading records for class: CampaignDivisionBO
ActiveNetServlet 8/19 23:42:24:639, Loading records for class: MakeUpClassAuthorizedBO
ActiveNetServlet 8/19 23:42:24:648, Loading records for class: ReservationPaymentPlanBO
ActiveNetServlet 8/19 23:42:24:664, Loading records for class: ActivityEmailNotificationOptionBO
ActiveNetServlet 8/19 23:42:24:696, 2 records loaded for class: ActivityEmailNotificationOptionBO
ActiveNetServlet 8/19 23:42:24:707, Loading records for class: FacilityWaitingListBO
ActiveNetServlet 8/19 23:42:24:717, Loading records for class: CustomizedPaymentTypeBO
ActiveNetServlet 8/19 23:42:24:722, Loading records for class: TransactionPrivateLessonModificationBO
ActiveNetServlet 8/19 23:42:24:726, Loading records for class: PeakLoadPeriodsBO
ActiveNetServlet 8/19 23:42:24:737, Loading records for class: DenominationBO
ActiveNetServlet 8/19 23:42:24:742, 1 records loaded for class: DenominationBO
ActiveNetServlet 8/19 23:42:24:748, Loading records for class: CashSummarySheetLayoutBO
ActiveNetServlet 8/19 23:42:24:754, Loading records for class: OnlineTipsTextBO
ActiveNetServlet 8/19 23:42:24:759, Loading records for class: ActivityGroupBO
ActiveNetServlet 8/19 23:42:24:765, Loading records for class: HolidayRateBO
ActiveNetServlet 8/19 23:42:24:770, Loading records for class: CashSummarySheetBO
ActiveNetServlet 8/19 23:42:24:776, Loading records for class: POSReceiptBO
ActiveNetServlet 8/19 23:42:24:782, Loading records for class: PackageUsageFeePeriodBO
ActiveNetServlet 8/19 23:42:24:786, Loading records for class: RiskCategoryBO
ActiveNetServlet 8/19 23:42:24:793, Loading records for class: SingleSignOnFunctionBO
ActiveNetServlet 8/19 23:42:24:798, Loading records for class: OnlineCalendarsBO
ActiveNetServlet 8/19 23:42:24:803, BusinessObject.setupCache finished
ActiveNetServlet 8/19 23:42:25:329, Started background thread: Memberships-ActiveNetServlet
ActiveNetServlet 8/19 23:42:25:332, Started background thread: Package Fee Changes-ActiveNetServlet
ActiveNetServlet 8/19 23:42:25:335, Started background thread: Transaction Stages-ActiveNetServlet
ActiveNetServlet 8/19 23:42:25:383, Started background thread: Expire Permits-ActiveNetServlet
ActiveNetServlet 8/19 23:42:25:386, Started background thread: Scheduled Refunds-ActiveNetServlet
ActiveNetServlet 8/19 23:42:25:391, Started background thread: Auto-Payment Plans-ActiveNetServlet
ActiveNetServlet 8/19 23:42:25:396, Started background thread: Automatic Interest Calculator-ActiveNetServlet
ActiveNetServlet 8/19 23:42:25:401, Automatic Interest Calculator background thread started, but there is no system user.
ActiveNetServlet 8/19 23:42:25:404, Started background thread: Automatic Late Fee Calculator-ActiveNetServlet
ActiveNetServlet 8/19 23:42:25:407, Automatic Late Fee Calculator background thread started, but there is no system user.
ActiveNetServlet 8/19 23:42:25:409, Started background thread: Recurring Donations-ActiveNetServlet
ActiveNetServlet 8/19 23:42:25:414, Started background thread: Offer Orders-ActiveNetServlet
ActiveNetServlet 8/19 23:42:25:418, Started background thread: Daycare Rollover-ActiveNetServlet
ActiveNetServlet 8/19 23:42:25:422, Started background thread: Close outdated daycare programs daily-ActiveNetServlet
ActiveNetServlet 8/19 23:42:25:425, Started background thread: Scheduled Reports-ActiveNetServlet
ActiveNetServlet 8/19 23:42:25:429, Started background thread: Logon UUID Manager-ActiveNetServlet
ActiveNetServlet 8/19 23:42:25:432, Started background thread: Publish Assets-ActiveNetServlet
ActiveNetServlet 8/19 23:42:25:435, Started background thread: Credit Card / ECP Checking-ActiveNetServlet
ActiveNetServlet 8/19 23:42:25:438, Started background thread: Receipts Post-Processing-ActiveNetServlet
ActiveNetServlet 8/19 23:42:25:440, Started background thread: Deferred Revenue-ActiveNetServlet
ActiveNetServlet 8/19 23:42:25:443, Started background thread: SessionContext Monitor-ActiveNetServlet
ActiveNetServlet 8/19 23:42:25:465, Started background thread: Void Registration Roll-Over Result-ActiveNetServlet
ActiveNetServlet 8/19 23:42:25:469, Started background thread: ScheduledLoadCustomer-ActiveNetServlet
ActiveNetServlet 8/19 23:42:25:473, Started background thread: Download DB-ActiveNetServlet
ActiveNetServlet 8/19 23:42:25:486, Started background thread: EntryPoint auto check-out members-ActiveNetServlet
ActiveNetServlet 8/19 23:42:25:491, Started background thread: Close outdated activities daily-ActiveNetServlet
ActiveNetServlet 8/19 23:42:25:498, Started background thread: ShoppingCartQueue-1-ActiveNetServlet
ActiveNetServlet 8/19 23:42:25:507, Started background thread: ShoppingCartQueue-2-ActiveNetServlet
ActiveNetServlet 8/19 23:42:25:510, ShoppingCartQueue threads started.
ActiveNetServlet 8/19 23:42:25:514, Started background thread: Delete uploaded files daily-ActiveNetServlet
ActiveNetServlet 8/19 23:42:25:517, Started background thread: Update customer grade-ActiveNetServlet
ActiveNetServlet 8/19 23:42:25:521, Started background thread: Delete Finished Pending Adds-ActiveNetServlet
ActiveNetServlet 8/19 23:42:25:524, Started background thread: Financial Validation Thread-ActiveNetServlet
ActiveNetServlet 8/19 23:42:25:527, ChangeLogQManager thread started.
ActiveNetServlet 8/19 23:42:25:530, Initialization completed successfully
> Building 92% > :ActiveNetServlet:run